04:43:15.658 - 1: org.apache.uima.tools.jcasgen.UimaLoggerProgressMonitor.subTask(35): INFO:  >>JCasGen Output going to 'C:\solr-4.9.0\example\solr\collection1\pearinstall\src'
04:43:15.685 - 1: org.apache.uima.tools.jcasgen.UimaLoggerProgressMonitor.subTask(35): INFO:  >>JCasGen Reading the XML TAE descriptor, and creating types, for xml input file 'C:\solr-4.9.0\example\solr\collection1\pearinstall\desc\aeDescriptor.xml'.
04:43:16.313 - 1: org.apache.uima.resource.metadata.impl.ResourceMetaData_impl.validateConfigurationParameterSettings(264): WARNING: Ignoring error in parameter setting: Configuration parameter "OOVDicts" in component "LanguageWare Lexical Annotator" is multi-valued and must be assigned an array for its value.
04:43:16.336 - 1: org.apache.uima.resource.metadata.impl.ResourceMetaData_impl.validateConfigurationParameterSettings(264): WARNING: Ignoring error in parameter setting: Configuration parameter "OOVDicts" in component "LanguageWare Lexical Annotator" is multi-valued and must be assigned an array for its value.
04:43:16.369 - 1: org.apache.uima.tools.jcasgen.UimaLoggerProgressMonitor.subTask(35): INFO:  >>JCasGen Creating: 'com.ibm.langware.uimatypes.Alphabetic'.
04:43:16.373 - 1: org.apache.uima.tools.jcasgen.UimaLoggerProgressMonitor.subTask(35): INFO:  >>JCasGen Creating: 'com.ibm.langware.uimatypes.Alphabetic_Type'.
04:43:16.374 - 1: org.apache.uima.tools.jcasgen.UimaLoggerProgressMonitor.subTask(35): INFO:  >>JCasGen Creating: 'com.ibm.langware.uimatypes.Arabic'.
04:43:16.377 - 1: org.apache.uima.tools.jcasgen.UimaLoggerProgressMonitor.subTask(35): INFO:  >>JCasGen Creating: 'com.ibm.langware.uimatypes.Arabic_Type'.
04:43:16.379 - 1: org.apache.uima.tools.jcasgen.UimaLoggerProgressMonitor.subTask(35): INFO:  >>JCasGen Creating: 'com.ibm.langware.uimatypes.ChineseNumeral'.
04:43:16.381 - 1: org.apache.uima.tools.jcasgen.UimaLoggerProgressMonitor.subTask(35): INFO:  >>JCasGen Creating: 'com.ibm.langware.uimatypes.ChineseNumeral_Type'.
04:43:16.383 - 1: org.apache.uima.tools.jcasgen.UimaLoggerProgressMonitor.subTask(35): INFO:  >>JCasGen Creating: 'com.ibm.langware.uimatypes.ClauseEndingPunctuation'.
04:43:16.385 - 1: org.apache.uima.tools.jcasgen.UimaLoggerProgressMonitor.subTask(35): INFO:  >>JCasGen Creating: 'com.ibm.langware.uimatypes.ClauseEndingPunctuation_Type'.
04:43:16.387 - 1: org.apache.uima.tools.jcasgen.UimaLoggerProgressMonitor.subTask(35): INFO:  >>JCasGen Creating: 'com.ibm.langware.uimatypes.Han'.
04:43:16.388 - 1: org.apache.uima.tools.jcasgen.UimaLoggerProgressMonitor.subTask(35): INFO:  >>JCasGen Creating: 'com.ibm.langware.uimatypes.Han_Type'.
04:43:16.390 - 1: org.apache.uima.tools.jcasgen.UimaLoggerProgressMonitor.subTask(35): INFO:  >>JCasGen Creating: 'com.ibm.langware.uimatypes.Hangul'.
04:43:16.391 - 1: org.apache.uima.tools.jcasgen.UimaLoggerProgressMonitor.subTask(35): INFO:  >>JCasGen Creating: 'com.ibm.langware.uimatypes.Hangul_Type'.
04:43:16.393 - 1: org.apache.uima.tools.jcasgen.UimaLoggerProgressMonitor.subTask(35): INFO:  >>JCasGen Creating: 'com.ibm.langware.uimatypes.Hebrew'.
04:43:16.395 - 1: org.apache.uima.tools.jcasgen.UimaLoggerProgressMonitor.subTask(35): INFO:  >>JCasGen Creating: 'com.ibm.langware.uimatypes.Hebrew_Type'.
04:43:16.397 - 1: org.apache.uima.tools.jcasgen.UimaLoggerProgressMonitor.subTask(35): INFO:  >>JCasGen Creating: 'com.ibm.langware.uimatypes.Hiragana'.
04:43:16.399 - 1: org.apache.uima.tools.jcasgen.UimaLoggerProgressMonitor.subTask(35): INFO:  >>JCasGen Creating: 'com.ibm.langware.uimatypes.Hiragana_Type'.
04:43:16.401 - 1: org.apache.uima.tools.jcasgen.UimaLoggerProgressMonitor.subTask(35): INFO:  >>JCasGen Creating: 'com.ibm.langware.uimatypes.Ideographic'.
04:43:16.403 - 1: org.apache.uima.tools.jcasgen.UimaLoggerProgressMonitor.subTask(35): INFO:  >>JCasGen Creating: 'com.ibm.langware.uimatypes.Ideographic_Type'.
04:43:16.414 - 1: org.apache.uima.tools.jcasgen.UimaLoggerProgressMonitor.subTask(35): INFO:  >>JCasGen Creating: 'com.ibm.langware.uimatypes.Katakana'.
04:43:16.416 - 1: org.apache.uima.tools.jcasgen.UimaLoggerProgressMonitor.subTask(35): INFO:  >>JCasGen Creating: 'com.ibm.langware.uimatypes.Katakana_Type'.
04:43:16.418 - 1: org.apache.uima.tools.jcasgen.UimaLoggerProgressMonitor.subTask(35): INFO:  >>JCasGen Creating: 'com.ibm.langware.uimatypes.LowercaseAlphabetic'.
04:43:16.420 - 1: org.apache.uima.tools.jcasgen.UimaLoggerProgressMonitor.subTask(35): INFO:  >>JCasGen Creating: 'com.ibm.langware.uimatypes.LowercaseAlphabetic_Type'.
04:43:16.421 - 1: org.apache.uima.tools.jcasgen.UimaLoggerProgressMonitor.subTask(35): INFO:  >>JCasGen Creating: 'com.ibm.langware.uimatypes.Numeric'.
04:43:16.423 - 1: org.apache.uima.tools.jcasgen.UimaLoggerProgressMonitor.subTask(35): INFO:  >>JCasGen Creating: 'com.ibm.langware.uimatypes.Numeric_Type'.
04:43:16.424 - 1: org.apache.uima.tools.jcasgen.UimaLoggerProgressMonitor.subTask(35): INFO:  >>JCasGen Creating: 'com.ibm.langware.uimatypes.Punctuation'.
04:43:16.426 - 1: org.apache.uima.tools.jcasgen.UimaLoggerProgressMonitor.subTask(35): INFO:  >>JCasGen Creating: 'com.ibm.langware.uimatypes.Punctuation_Type'.
04:43:16.455 - 1: org.apache.uima.tools.jcasgen.UimaLoggerProgressMonitor.subTask(35): INFO:  >>JCasGen Creating: 'com.ibm.langware.uimatypes.Syllabic'.
04:43:16.456 - 1: org.apache.uima.tools.jcasgen.UimaLoggerProgressMonitor.subTask(35): INFO:  >>JCasGen Creating: 'com.ibm.langware.uimatypes.Syllabic_Type'.
04:43:16.458 - 1: org.apache.uima.tools.jcasgen.UimaLoggerProgressMonitor.subTask(35): INFO:  >>JCasGen Creating: 'com.ibm.langware.uimatypes.TitlecaseAlphabetic'.
04:43:16.460 - 1: org.apache.uima.tools.jcasgen.UimaLoggerProgressMonitor.subTask(35): INFO:  >>JCasGen Creating: 'com.ibm.langware.uimatypes.TitlecaseAlphabetic_Type'.
04:43:16.462 - 1: org.apache.uima.tools.jcasgen.UimaLoggerProgressMonitor.subTask(35): INFO:  >>JCasGen Creating: 'com.ibm.langware.uimatypes.UppercaseAlphabetic'.
04:43:16.464 - 1: org.apache.uima.tools.jcasgen.UimaLoggerProgressMonitor.subTask(35): INFO:  >>JCasGen Creating: 'com.ibm.langware.uimatypes.UppercaseAlphabetic_Type'.
04:43:16.466 - 1: org.apache.uima.tools.jcasgen.UimaLoggerProgressMonitor.subTask(35): INFO:  >>JCasGen Creating: 'com.ibm.langware.uimatypes.WordLikeToken'.
04:43:16.468 - 1: org.apache.uima.tools.jcasgen.UimaLoggerProgressMonitor.subTask(35): INFO:  >>JCasGen Creating: 'com.ibm.langware.uimatypes.WordLikeToken_Type'.
04:43:16.470 - 1: org.apache.uima.tools.jcasgen.UimaLoggerProgressMonitor.subTask(35): INFO:  >>JCasGen Creating: 'org.apache.uima.jcas.tcas.DocumentAnnotation'.
04:43:16.473 - 1: org.apache.uima.tools.jcasgen.UimaLoggerProgressMonitor.subTask(35): INFO:  >>JCasGen Creating: 'org.apache.uima.jcas.tcas.DocumentAnnotation_Type'.
04:43:16.475 - 1: org.apache.uima.tools.jcasgen.UimaLoggerProgressMonitor.subTask(35): INFO:  >>JCasGen Creating: 'uima.tt.CompPartAnnotation'.
04:43:16.478 - 1: org.apache.uima.tools.jcasgen.UimaLoggerProgressMonitor.subTask(35): INFO:  >>JCasGen Creating: 'uima.tt.CompPartAnnotation_Type'.
04:43:16.480 - 1: org.apache.uima.tools.jcasgen.UimaLoggerProgressMonitor.subTask(35): INFO:  >>JCasGen Creating: 'uima.tt.DictionaryEntryAnnotation'.
04:43:16.508 - 1: org.apache.uima.tools.jcasgen.UimaLoggerProgressMonitor.subTask(35): INFO:  >>JCasGen Creating: 'uima.tt.DictionaryEntryAnnotation_Type'.
04:43:16.510 - 1: org.apache.uima.tools.jcasgen.UimaLoggerProgressMonitor.subTask(35): INFO:  >>JCasGen Creating: 'uima.tt.DocStructureAnnotation'.
04:43:16.512 - 1: org.apache.uima.tools.jcasgen.UimaLoggerProgressMonitor.subTask(35): INFO:  >>JCasGen Creating: 'uima.tt.DocStructureAnnotation_Type'.
04:43:16.514 - 1: org.apache.uima.tools.jcasgen.UimaLoggerProgressMonitor.subTask(35): INFO:  >>JCasGen Creating: 'uima.tt.KeyStringEntry'.
04:43:16.516 - 1: org.apache.uima.tools.jcasgen.UimaLoggerProgressMonitor.subTask(35): INFO:  >>JCasGen Creating: 'uima.tt.KeyStringEntry_Type'.
04:43:16.518 - 1: org.apache.uima.tools.jcasgen.UimaLoggerProgressMonitor.subTask(35): INFO:  >>JCasGen Creating: 'uima.tt.LanguageConfidencePair'.
04:43:16.520 - 1: org.apache.uima.tools.jcasgen.UimaLoggerProgressMonitor.subTask(35): INFO:  >>JCasGen Creating: 'uima.tt.LanguageConfidencePair_Type'.
04:43:16.521 - 1: org.apache.uima.tools.jcasgen.UimaLoggerProgressMonitor.subTask(35): INFO:  >>JCasGen Creating: 'uima.tt.Lemma'.
04:43:16.523 - 1: org.apache.uima.tools.jcasgen.UimaLoggerProgressMonitor.subTask(35): INFO:  >>JCasGen Creating: 'uima.tt.Lemma_Type'.
04:43:16.525 - 1: org.apache.uima.tools.jcasgen.UimaLoggerProgressMonitor.subTask(35): INFO:  >>JCasGen Creating: 'uima.tt.LexicalAnnotation'.
04:43:16.527 - 1: org.apache.uima.tools.jcasgen.UimaLoggerProgressMonitor.subTask(35): INFO:  >>JCasGen Creating: 'uima.tt.LexicalAnnotation_Type'.
04:43:16.529 - 1: org.apache.uima.tools.jcasgen.UimaLoggerProgressMonitor.subTask(35): INFO:  >>JCasGen Creating: 'uima.tt.ParagraphAnnotation'.
04:43:16.531 - 1: org.apache.uima.tools.jcasgen.UimaLoggerProgressMonitor.subTask(35): INFO:  >>JCasGen Creating: 'uima.tt.ParagraphAnnotation_Type'.
04:43:16.533 - 1: org.apache.uima.tools.jcasgen.UimaLoggerProgressMonitor.subTask(35): INFO:  >>JCasGen Creating: 'uima.tt.SentenceAnnotation'.
04:43:16.535 - 1: org.apache.uima.tools.jcasgen.UimaLoggerProgressMonitor.subTask(35): INFO:  >>JCasGen Creating: 'uima.tt.SentenceAnnotation_Type'.
04:43:16.537 - 1: org.apache.uima.tools.jcasgen.UimaLoggerProgressMonitor.subTask(35): INFO:  >>JCasGen Creating: 'uima.tt.TTAnnotation'.
04:43:16.539 - 1: org.apache.uima.tools.jcasgen.UimaLoggerProgressMonitor.subTask(35): INFO:  >>JCasGen Creating: 'uima.tt.TTAnnotation_Type'.
04:43:16.540 - 1: org.apache.uima.tools.jcasgen.UimaLoggerProgressMonitor.subTask(35): INFO:  >>JCasGen Creating: 'uima.tt.TokenAnnotation'.
04:43:16.542 - 1: org.apache.uima.tools.jcasgen.UimaLoggerProgressMonitor.subTask(35): INFO:  >>JCasGen Creating: 'uima.tt.TokenAnnotation_Type'.
04:43:16.544 - 1: org.apache.uima.tools.jcasgen.UimaLoggerProgressMonitor.subTask(35): INFO:  >>JCasGen Creating: 'uima.tt.TokenLikeAnnotation'.
04:43:16.546 - 1: org.apache.uima.tools.jcasgen.UimaLoggerProgressMonitor.subTask(35): INFO:  >>JCasGen Creating: 'uima.tt.TokenLikeAnnotation_Type'.
04:43:16.548 - 1: org.apache.uima.tools.jcasgen.UimaLoggerProgressMonitor.done(31): INFO:  ** JCasGen Done.
